Analysis & Synthesis report for timer
Thu May 14 14:25:08 2026
Quartus Prime Version 20.1.1 Build 720 11/11/2020 SJ Lite Edition


---------------------
; Table of Contents ;
---------------------
  1. Legal Notice
  2. Analysis & Synthesis Summary
  3. Analysis & Synthesis Settings
  4. Parallel Compilation
  5. Analysis & Synthesis Source Files Read
  6. Analysis & Synthesis Resource Usage Summary
  7. Analysis & Synthesis Resource Utilization by Entity
  8. State Machine - |top_timer|timer:timer_seq|pre
  9. Registers Removed During Synthesis
 10. General Register Statistics
 11. Multiplexer Restructuring Statistics (Restructuring Performed)
 12. Parameter Settings for User Entity Instance: clk_div:dut
 13. Analysis & Synthesis Messages
 14. Analysis & Synthesis Suppressed Messages



----------------
; Legal Notice ;
----------------
Copyright (C) 2020  Intel Corporation. All rights reserved.
Your use of Intel Corporation's design tools, logic functions 
and other software and tools, and any partner logic 
functions, and any output files from any of the foregoing 
(including device programming or simulation files), and any 
associated documentation or information are expressly subject 
to the terms and conditions of the Intel Program License 
Subscription Agreement, the Intel Quartus Prime License Agreement,
the Intel FPGA IP License Agreement, or other applicable license
agreement, including, without limitation, that your use is for
the sole purpose of programming logic devices manufactured by
Intel and sold by Intel or its authorized distributors.  Please
refer to the applicable agreement for further details, at
https://fpgasoftware.intel.com/eula.



+---------------------------------------------------------------------------+
; Analysis & Synthesis Summary                                              ;
+-----------------------------+---------------------------------------------+
; Analysis & Synthesis Status ; Successful - Thu May 14 14:25:08 2026       ;
; Quartus Prime Version       ; 20.1.1 Build 720 11/11/2020 SJ Lite Edition ;
; Revision Name               ; timer                                       ;
; Top-level Entity Name       ; top_timer                                   ;
; Family                      ; MAX II                                      ;
; Total logic elements        ; 105                                         ;
; Total pins                  ; 19                                          ;
; Total virtual pins          ; 0                                           ;
; UFM blocks                  ; 0 / 1 ( 0 % )                               ;
+-----------------------------+---------------------------------------------+


+------------------------------------------------------------------------------------------------------------+
; Analysis & Synthesis Settings                                                                              ;
+------------------------------------------------------------------+--------------------+--------------------+
; Option                                                           ; Setting            ; Default Value      ;
+------------------------------------------------------------------+--------------------+--------------------+
; Device                                                           ; EPM240T100C5       ;                    ;
; Top-level entity name                                            ; top_timer          ; timer              ;
; Family name                                                      ; MAX II             ; Cyclone V          ;
; Use smart compilation                                            ; Off                ; Off                ;
; Enable parallel Assembler and Timing Analyzer during compilation ; On                 ; On                 ;
; Enable compact report table                                      ; Off                ; Off                ;
; Restructure Multiplexers                                         ; Auto               ; Auto               ;
; Create Debugging Nodes for IP Cores                              ; Off                ; Off                ;
; Preserve fewer node names                                        ; On                 ; On                 ;
; Intel FPGA IP Evaluation Mode                                    ; Enable             ; Enable             ;
; Verilog Version                                                  ; Verilog_2001       ; Verilog_2001       ;
; VHDL Version                                                     ; VHDL_1993          ; VHDL_1993          ;
; State Machine Processing                                         ; Auto               ; Auto               ;
; Safe State Machine                                               ; Off                ; Off                ;
; Extract Verilog State Machines                                   ; On                 ; On                 ;
; Extract VHDL State Machines                                      ; On                 ; On                 ;
; Ignore Verilog initial constructs                                ; Off                ; Off                ;
; Iteration limit for constant Verilog loops                       ; 5000               ; 5000               ;
; Iteration limit for non-constant Verilog loops                   ; 250                ; 250                ;
; Add Pass-Through Logic to Inferred RAMs                          ; On                 ; On                 ;
; Infer RAMs from Raw Logic                                        ; On                 ; On                 ;
; Parallel Synthesis                                               ; On                 ; On                 ;
; NOT Gate Push-Back                                               ; On                 ; On                 ;
; Power-Up Don't Care                                              ; On                 ; On                 ;
; Remove Redundant Logic Cells                                     ; Off                ; Off                ;
; Remove Duplicate Registers                                       ; On                 ; On                 ;
; Ignore CARRY Buffers                                             ; Off                ; Off                ;
; Ignore CASCADE Buffers                                           ; Off                ; Off                ;
; Ignore GLOBAL Buffers                                            ; Off                ; Off                ;
; Ignore ROW GLOBAL Buffers                                        ; Off                ; Off                ;
; Ignore LCELL Buffers                                             ; Off                ; Off                ;
; Ignore SOFT Buffers                                              ; On                 ; On                 ;
; Limit AHDL Integers to 32 Bits                                   ; Off                ; Off                ;
; Optimization Technique                                           ; Balanced           ; Balanced           ;
; Carry Chain Length                                               ; 70                 ; 70                 ;
; Auto Carry Chains                                                ; On                 ; On                 ;
; Auto Open-Drain Pins                                             ; On                 ; On                 ;
; Perform WYSIWYG Primitive Resynthesis                            ; Off                ; Off                ;
; Auto Shift Register Replacement                                  ; Auto               ; Auto               ;
; Allow Shift Register Merging across Hierarchies                  ; Auto               ; Auto               ;
; Auto Clock Enable Replacement                                    ; On                 ; On                 ;
; Allow Synchronous Control Signals                                ; On                 ; On                 ;
; Force Use of Synchronous Clear Signals                           ; Off                ; Off                ;
; Auto Resource Sharing                                            ; Off                ; Off                ;
; Use LogicLock Constraints during Resource Balancing              ; On                 ; On                 ;
; Ignore translate_off and synthesis_off directives                ; Off                ; Off                ;
; Report Parameter Settings                                        ; On                 ; On                 ;
; Report Source Assignments                                        ; On                 ; On                 ;
; Report Connectivity Checks                                       ; On                 ; On                 ;
; Ignore Maximum Fan-Out Assignments                               ; Off                ; Off                ;
; Synchronization Register Chain Length                            ; 2                  ; 2                  ;
; Power Optimization During Synthesis                              ; Normal compilation ; Normal compilation ;
; HDL message level                                                ; Level2             ; Level2             ;
; Suppress Register Optimization Related Messages                  ; Off                ; Off                ;
; Number of Removed Registers Reported in Synthesis Report         ; 5000               ; 5000               ;
; Number of Swept Nodes Reported in Synthesis Report               ; 5000               ; 5000               ;
; Number of Inverted Registers Reported in Synthesis Report        ; 100                ; 100                ;
; Clock MUX Protection                                             ; On                 ; On                 ;
; Block Design Naming                                              ; Auto               ; Auto               ;
; Synthesis Effort                                                 ; Auto               ; Auto               ;
; Shift Register Replacement - Allow Asynchronous Clear Signal     ; On                 ; On                 ;
; Analysis & Synthesis Message Level                               ; Medium             ; Medium             ;
; Disable Register Merging Across Hierarchies                      ; Auto               ; Auto               ;
+------------------------------------------------------------------+--------------------+--------------------+


+------------------------------------------+
; Parallel Compilation                     ;
+----------------------------+-------------+
; Processors                 ; Number      ;
+----------------------------+-------------+
; Number detected on machine ; 12          ;
; Maximum allowed            ; 8           ;
;                            ;             ;
; Average used               ; 1.00        ;
; Maximum used               ; 1           ;
;                            ;             ;
; Usage by Processor         ; % Time Used ;
;     Processor 1            ; 100.0%      ;
+----------------------------+-------------+


+--------------------------------------------------------------------------------------------------------------------------------------------------------------------------+
; Analysis & Synthesis Source Files Read                                                                                                                                   ;
+----------------------------------+-----------------+------------------------------+----------------------------------------------------------------------------+---------+
; File Name with User-Entered Path ; Used in Netlist ; File Type                    ; File Name with Absolute Path                                               ; Library ;
+----------------------------------+-----------------+------------------------------+----------------------------------------------------------------------------+---------+
; top_timer.v                      ; yes             ; Auto-Found Verilog HDL File  ; C:/Users/USER/OneDrive/Desktop/School/Servantes/FSM_Timer_demo/top_timer.v ;         ;
; clk_div.v                        ; yes             ; Auto-Found Verilog HDL File  ; C:/Users/USER/OneDrive/Desktop/School/Servantes/FSM_Timer_demo/clk_div.v   ;         ;
; timer.v                          ; yes             ; Auto-Found Verilog HDL File  ; C:/Users/USER/OneDrive/Desktop/School/Servantes/FSM_Timer_demo/timer.v     ;         ;
; bcd_7seg.v                       ; yes             ; Auto-Found Verilog HDL File  ; C:/Users/USER/OneDrive/Desktop/School/Servantes/FSM_Timer_demo/bcd_7seg.v  ;         ;
+----------------------------------+-----------------+------------------------------+----------------------------------------------------------------------------+---------+


+------------------------------------------------------+
; Analysis & Synthesis Resource Usage Summary          ;
+---------------------------------------------+--------+
; Resource                                    ; Usage  ;
+---------------------------------------------+--------+
; Total logic elements                        ; 105    ;
;     -- Combinational with no register       ; 63     ;
;     -- Register only                        ; 21     ;
;     -- Combinational with a register        ; 21     ;
;                                             ;        ;
; Logic element usage by number of LUT inputs ;        ;
;     -- 4 input functions                    ; 24     ;
;     -- 3 input functions                    ; 7      ;
;     -- 2 input functions                    ; 50     ;
;     -- 1 input functions                    ; 3      ;
;     -- 0 input functions                    ; 0      ;
;                                             ;        ;
; Logic elements by mode                      ;        ;
;     -- normal mode                          ; 74     ;
;     -- arithmetic mode                      ; 31     ;
;     -- qfbk mode                            ; 0      ;
;     -- register cascade mode                ; 0      ;
;     -- synchronous clear/load mode          ; 0      ;
;     -- asynchronous clear/load mode         ; 8      ;
;                                             ;        ;
; Total registers                             ; 42     ;
; Total logic cells in carry chains           ; 32     ;
; I/O pins                                    ; 19     ;
; Maximum fan-out node                        ; clk_in ;
; Maximum fan-out                             ; 34     ;
; Total fan-out                               ; 307    ;
; Average fan-out                             ; 2.48   ;
+---------------------------------------------+--------+


+----------------------------------------------------------------------------------------------------------------------------------------------------------------------------------------------------------------------------------------------+
; Analysis & Synthesis Resource Utilization by Entity                                                                                                                                                                                          ;
+----------------------------+-------------+--------------+------------+------+--------------+--------------+-------------------+------------------+-----------------+------------+-------------------------------+-------------+--------------+
; Compilation Hierarchy Node ; Logic Cells ; LC Registers ; UFM Blocks ; Pins ; Virtual Pins ; LUT-Only LCs ; Register-Only LCs ; LUT/Register LCs ; Carry Chain LCs ; Packed LCs ; Full Hierarchy Name           ; Entity Name ; Library Name ;
+----------------------------+-------------+--------------+------------+------+--------------+--------------+-------------------+------------------+-----------------+------------+-------------------------------+-------------+--------------+
; |top_timer                 ; 105 (0)     ; 42           ; 0          ; 19   ; 0            ; 63 (0)       ; 21 (0)            ; 21 (0)           ; 32 (0)          ; 0 (0)      ; |top_timer                    ; top_timer   ; work         ;
;    |bcd_7seg:state_seg|    ; 3 (3)       ; 0            ; 0          ; 0    ; 0            ; 3 (3)        ; 0 (0)             ; 0 (0)            ; 0 (0)           ; 0 (0)      ; |top_timer|bcd_7seg:state_seg ; bcd_7seg    ; work         ;
;    |bcd_7seg:timer_seg|    ; 5 (5)       ; 0            ; 0          ; 0    ; 0            ; 5 (5)        ; 0 (0)             ; 0 (0)            ; 0 (0)           ; 0 (0)      ; |top_timer|bcd_7seg:timer_seg ; bcd_7seg    ; work         ;
;    |clk_div:dut|           ; 77 (77)     ; 34           ; 0          ; 0    ; 0            ; 43 (43)      ; 20 (20)           ; 14 (14)          ; 32 (32)         ; 0 (0)      ; |top_timer|clk_div:dut        ; clk_div     ; work         ;
;    |timer:timer_seq|       ; 20 (20)     ; 8            ; 0          ; 0    ; 0            ; 12 (12)      ; 1 (1)             ; 7 (7)            ; 0 (0)           ; 0 (0)      ; |top_timer|timer:timer_seq    ; timer       ; work         ;
+----------------------------+-------------+--------------+------------+------+--------------+--------------+-------------------+------------------+-----------------+------------+-------------------------------+-------------+--------------+
Note: For table entries with two numbers listed, the numbers in parentheses indicate the number of resources of the given type used by the specific entity alone. The numbers listed outside of parentheses indicate the total resources of the given type used by the specific entity and all of its sub-entities in the hierarchy.


Encoding Type:  One-Hot
+------------------------------------------------+
; State Machine - |top_timer|timer:timer_seq|pre ;
+--------+--------+--------+--------+------------+
; Name   ; pre.s3 ; pre.s2 ; pre.s1 ; pre.s0     ;
+--------+--------+--------+--------+------------+
; pre.s0 ; 0      ; 0      ; 0      ; 0          ;
; pre.s1 ; 0      ; 0      ; 1      ; 1          ;
; pre.s2 ; 0      ; 1      ; 0      ; 1          ;
; pre.s3 ; 1      ; 0      ; 0      ; 1          ;
+--------+--------+--------+--------+------------+


+------------------------------------------------------------+
; Registers Removed During Synthesis                         ;
+---------------------------------------+--------------------+
; Register name                         ; Reason for Removal ;
+---------------------------------------+--------------------+
; timer:timer_seq|pre~4                 ; Lost fanout        ;
; timer:timer_seq|pre~5                 ; Lost fanout        ;
; timer:timer_seq|pre~6                 ; Lost fanout        ;
; timer:timer_seq|pre~7                 ; Lost fanout        ;
; Total Number of Removed Registers = 4 ;                    ;
+---------------------------------------+--------------------+


+------------------------------------------------------+
; General Register Statistics                          ;
+----------------------------------------------+-------+
; Statistic                                    ; Value ;
+----------------------------------------------+-------+
; Total registers                              ; 42    ;
; Number of registers using Synchronous Clear  ; 0     ;
; Number of registers using Synchronous Load   ; 0     ;
; Number of registers using Asynchronous Clear ; 8     ;
; Number of registers using Asynchronous Load  ; 0     ;
; Number of registers using Clock Enable       ; 2     ;
; Number of registers using Preset             ; 0     ;
+----------------------------------------------+-------+


+-----------------------------------------------------------------------------------------------------------------------------------------------+
; Multiplexer Restructuring Statistics (Restructuring Performed)                                                                                ;
+--------------------+-----------+---------------+----------------------+------------------------+------------+---------------------------------+
; Multiplexer Inputs ; Bus Width ; Baseline Area ; Area if Restructured ; Saving if Restructured ; Registered ; Example Multiplexer Output      ;
+--------------------+-----------+---------------+----------------------+------------------------+------------+---------------------------------+
; 7:1                ; 4 bits    ; 16 LEs        ; 4 LEs                ; 12 LEs                 ; Yes        ; |top_timer|timer:timer_seq|t[3] ;
+--------------------+-----------+---------------+----------------------+------------------------+------------+---------------------------------+


+----------------------------------------------------------+
; Parameter Settings for User Entity Instance: clk_div:dut ;
+----------------+----------+------------------------------+
; Parameter Name ; Value    ; Type                         ;
+----------------+----------+------------------------------+
; period         ; 1        ; Signed Integer               ;
; freq           ; 50000000 ; Signed Integer               ;
+----------------+----------+------------------------------+
Note: In order to hide this table in the UI and the text report file, please set the "Show Parameter Settings in Synthesis Report" option in "Analysis and Synthesis Settings -> More Settings" to "Off".


+-------------------------------+
; Analysis & Synthesis Messages ;
+-------------------------------+
Info: *******************************************************************
Info: Running Quartus Prime Analysis & Synthesis
    Info: Version 20.1.1 Build 720 11/11/2020 SJ Lite Edition
    Info: Processing started: Thu May 14 14:24:54 2026
Info: Command: quartus_map --read_settings_files=on --write_settings_files=off timer -c timer
Warning (18236): Number of processors has not been specified which may cause overloading on shared machines.  Set the global assignment NUM_PARALLEL_PROCESSORS in your QSF to an appropriate value for best performance.
Info (20030): Parallel compilation is enabled and will use 8 of the 8 processors detected
Warning (10275): Verilog HDL Module Instantiation warning at top_timer.v(28): ignored dangling comma in List of Port Connections File: C:/Users/USER/OneDrive/Desktop/School/Servantes/FSM_Timer_demo/top_timer.v Line: 28
Warning (12125): Using design file top_timer.v, which is not specified as a design file for the current project, but contains definitions for 1 design units and 1 entities in project
    Info (12023): Found entity 1: top_timer File: C:/Users/USER/OneDrive/Desktop/School/Servantes/FSM_Timer_demo/top_timer.v Line: 1
Info (12127): Elaborating entity "top_timer" for the top level hierarchy
Warning (12125): Using design file clk_div.v, which is not specified as a design file for the current project, but contains definitions for 1 design units and 1 entities in project
    Info (12023): Found entity 1: clk_div File: C:/Users/USER/OneDrive/Desktop/School/Servantes/FSM_Timer_demo/clk_div.v Line: 1
Info (12128): Elaborating entity "clk_div" for hierarchy "clk_div:dut" File: C:/Users/USER/OneDrive/Desktop/School/Servantes/FSM_Timer_demo/top_timer.v Line: 19
Warning (12125): Using design file timer.v, which is not specified as a design file for the current project, but contains definitions for 1 design units and 1 entities in project
    Info (12023): Found entity 1: timer File: C:/Users/USER/OneDrive/Desktop/School/Servantes/FSM_Timer_demo/timer.v Line: 1
Info (12128): Elaborating entity "timer" for hierarchy "timer:timer_seq" File: C:/Users/USER/OneDrive/Desktop/School/Servantes/FSM_Timer_demo/top_timer.v Line: 28
Warning (10235): Verilog HDL Always Construct warning at timer.v(22): variable "t" is read inside the Always Construct but isn't in the Always Construct's Event Control File: C:/Users/USER/OneDrive/Desktop/School/Servantes/FSM_Timer_demo/timer.v Line: 22
Warning (10235): Verilog HDL Always Construct warning at timer.v(23): variable "t" is read inside the Always Construct but isn't in the Always Construct's Event Control File: C:/Users/USER/OneDrive/Desktop/School/Servantes/FSM_Timer_demo/timer.v Line: 23
Warning (10235): Verilog HDL Always Construct warning at timer.v(24): variable "t" is read inside the Always Construct but isn't in the Always Construct's Event Control File: C:/Users/USER/OneDrive/Desktop/School/Servantes/FSM_Timer_demo/timer.v Line: 24
Info (10264): Verilog HDL Case Statement information at timer.v(21): all case item expressions in this case statement are onehot File: C:/Users/USER/OneDrive/Desktop/School/Servantes/FSM_Timer_demo/timer.v Line: 21
Warning (10230): Verilog HDL assignment warning at timer.v(42): truncated value with size 32 to match size of target (4) File: C:/Users/USER/OneDrive/Desktop/School/Servantes/FSM_Timer_demo/timer.v Line: 42
Warning (10230): Verilog HDL assignment warning at timer.v(43): truncated value with size 32 to match size of target (4) File: C:/Users/USER/OneDrive/Desktop/School/Servantes/FSM_Timer_demo/timer.v Line: 43
Warning (10230): Verilog HDL assignment warning at timer.v(44): truncated value with size 32 to match size of target (4) File: C:/Users/USER/OneDrive/Desktop/School/Servantes/FSM_Timer_demo/timer.v Line: 44
Warning (12125): Using design file bcd_7seg.v, which is not specified as a design file for the current project, but contains definitions for 1 design units and 1 entities in project
    Info (12023): Found entity 1: bcd_7seg File: C:/Users/USER/OneDrive/Desktop/School/Servantes/FSM_Timer_demo/bcd_7seg.v Line: 1
Info (12128): Elaborating entity "bcd_7seg" for hierarchy "bcd_7seg:timer_seg" File: C:/Users/USER/OneDrive/Desktop/School/Servantes/FSM_Timer_demo/top_timer.v Line: 33
Warning (13024): Output pins are stuck at VCC or GND
    Warning (13410): Pin "shex[1]" is stuck at VCC File: C:/Users/USER/OneDrive/Desktop/School/Servantes/FSM_Timer_demo/top_timer.v Line: 7
    Warning (13410): Pin "thex[1]" is stuck at VCC File: C:/Users/USER/OneDrive/Desktop/School/Servantes/FSM_Timer_demo/top_timer.v Line: 8
Info (17049): 4 registers lost all their fanouts during netlist optimizations.
Info (21057): Implemented 124 device resources after synthesis - the final resource count might be different
    Info (21058): Implemented 3 input pins
    Info (21059): Implemented 16 output pins
    Info (21061): Implemented 105 logic cells
Info (144001): Generated suppressed messages file C:/Users/USER/OneDrive/Desktop/School/Servantes/FSM_Timer_demo/timer.map.smsg
Info: Quartus Prime Analysis & Synthesis was successful. 0 errors, 15 warnings
    Info: Peak virtual memory: 4703 megabytes
    Info: Processing ended: Thu May 14 14:25:08 2026
    Info: Elapsed time: 00:00:14
    Info: Total CPU time (on all processors): 00:00:25


+------------------------------------------+
; Analysis & Synthesis Suppressed Messages ;
+------------------------------------------+
The suppressed messages can be found in C:/Users/USER/OneDrive/Desktop/School/Servantes/FSM_Timer_demo/timer.map.smsg.


